<?xml version="1.0" encoding="UTF-8"?>
<!-- Generated by org.testng.reporters.JUnitReportReporter -->
<testsuite hostname="DESKTOP-37MA7K4" failures="0" tests="3" name="Test_Scenarios.Test_Methods_Google_Search" time="34.492" errors="0" timestamp="2023-06-08T03:19:53 EDT" skipped="0">
  <testcase classname="Test_Scenarios.Test_Methods_Google_Search" name="SearchOperation" time="11.905"/>
  <system-out/>
  <testcase classname="Test_Scenarios.Test_Methods_Google_Search" name="VerifyandAccessFacebook" time="14.243"/>
  <system-out/>
  <testcase classname="Test_Scenarios.Test_Methods_Google_Search" name="VerifyLoginfunctionality" time="8.344"/>
  <system-out/>
</testsuite> <!-- Test_Scenarios.Test_Methods_Google_Search -->
